/__w/canudax-tests/workspace/simulations/TestJob01_temp_1/output-0000/TEST/sim/CanudaX_BSSNMoL
Preparing:
+ set -e
+ cd output-0000-active
+ echo Checking:
Checking:
+ pwd
/__w/canudax-tests/workspace/simulations/TestJob01_temp_1/output-0000/TEST/sim/CanudaX_BSSNMoL/output-0000-active
+ hostname
14b116b53300
+ date
Thu Dec 25 03:20:15 AM UTC 2025
+ echo Environment:
Environment:
+ export SIMULATION_ID=simulation-TestJob01_temp_1-actions-cpu-real64-actions-root-2025.12.25-03.20.15-13043
+ SIMULATION_ID=simulation-TestJob01_temp_1-actions-cpu-real64-actions-root-2025.12.25-03.20.15-13043
+ export CACTUS_NUM_PROCS=1
+ CACTUS_NUM_PROCS=1
+ export CACTUS_NUM_THREADS=2
+ CACTUS_NUM_THREADS=2
+ export CACTUS_SET_THREAD_BINDINGS=0
+ CACTUS_SET_THREAD_BINDINGS=0
+ export GLIBCXX_FORCE_NEW=1
+ GLIBCXX_FORCE_NEW=1
+ export GMON_OUT_PREFIX=gmon.out
+ GMON_OUT_PREFIX=gmon.out
+ export OMP_DISPLAY_ENV=TRUE
+ OMP_DISPLAY_ENV=TRUE
+ export OMP_MAX_TASKS=100
+ OMP_MAX_TASKS=100
+ export OMP_NUM_THREADS=2
+ OMP_NUM_THREADS=2
+ export OMP_PLACES=cores
+ OMP_PLACES=cores
+ export OMP_PROC_BIND=FALSE
+ OMP_PROC_BIND=FALSE
+ export OMP_STACKSIZE=8192
+ OMP_STACKSIZE=8192
+ env
+ sort
+ echo Starting:
Starting:
++ date +%s
+ export CACTUS_STARTTIME=1766632815
+ CACTUS_STARTTIME=1766632815
+ mpiexec -n 1 /__w/canudax-tests/workspace/simulations/TestJob01_temp_1/SIMFACTORY/exe/cactus_sim -L 3 /__w/canudax-tests/workspace/simulations/TestJob01_temp_1/output-0000/arrangements/CanudaX_Lean/CanudaX_BSSNMoL/test/gaugewave.par

OPENMP DISPLAY ENVIRONMENT BEGIN
  _OPENMP = '201511'
  [host] OMP_DYNAMIC = 'FALSE'
  [host] OMP_NESTED = 'FALSE'
  [host] OMP_NUM_THREADS = '2'
  [host] OMP_SCHEDULE = 'DYNAMIC'
  [host] OMP_PROC_BIND = 'FALSE'
  [host] OMP_PLACES = ''
  [host] OMP_STACKSIZE = '8388608'
  [host] OMP_WAIT_POLICY = 'PASSIVE'
  [host] OMP_THREAD_LIMIT = '4294967295'
  [host] OMP_MAX_ACTIVE_LEVELS = '1'
  [host] OMP_NUM_TEAMS = '0'
  [host] OMP_TEAMS_THREAD_LIMIT = '0'
  [all] OMP_CANCELLATION = 'FALSE'
  [all] OMP_DEFAULT_DEVICE = '0'
  [all] OMP_MAX_TASK_PRIORITY = '0'
  [all] OMP_DISPLAY_AFFINITY = 'FALSE'
  [host] OMP_AFFINITY_FORMAT = 'level %L thread %i affinity %A'
  [host] OMP_ALLOCATOR = 'omp_default_mem_alloc'
  [all] OMP_TARGET_OFFLOAD = 'DEFAULT'
OPENMP DISPLAY ENVIRONMENT END
INFO (Cactus): Increased logging level from 0 to 3
--------------------------------------------------------------------------------

       10                                  
  1   0101       ************************  
  01  1010 10      The Cactus Code V4.18.0    
 1010 1101 011      www.cactuscode.org     
  1001 100101    ************************  
    00010101                               
     100011     (c) Copyright The Authors  
      0100      GNU Licensed. No Warranty  
      0101                                 
--------------------------------------------------------------------------------

Cactus version:    4.18.0
Compile date:      Dec 25 2025 (03:20:01)
Run date:          Dec 25 2025 (03:20:16+0000)
Run host:          14b116b53300 (pid=13091)
Working directory: /__w/canudax-tests/workspace/simulations/TestJob01_temp_1/output-0000/TEST/sim/CanudaX_BSSNMoL
Executable:        /__w/canudax-tests/workspace/simulations/TestJob01_temp_1/SIMFACTORY/exe/cactus_sim
Parameter file:    /__w/canudax-tests/workspace/simulations/TestJob01_temp_1/output-0000/arrangements/CanudaX_Lean/CanudaX_BSSNMoL/test/gaugewave.par
--------------------------------------------------------------------------------

Activating thorn Cactus...Success -> active implementation Cactus
Activation requested for 
--->ADMBaseX CanudaX_BSSNMoL CanudaX_ExactID CarpetX ErrorEstimator IOUtil ODESolvers TmunuBaseX<---
Thorn ADMBaseX requests automatic activation of Loop
Thorn CanudaX_ExactID requests automatic activation of GSL
Thorn CarpetX requests automatic activation of AMReX
Thorn CarpetX requests automatic activation of MPI
Thorn CarpetX requests automatic activation of yaml_cpp
Thorn CarpetX requests automatic activation of zlib
Thorn CarpetX requests automatic activation of Arith
Thorn CarpetX requests automatic activation of CarpetXRegrid
Thorn CarpetX requests automatic activation of ADIOS2
Thorn CarpetX requests automatic activation of openPMD
Thorn CarpetX requests automatic activation of Silo
Thorn Arith requests automatic activation of NSIMD
Thorn MPI requests automatic activation of hwloc
Thorn openPMD requests automatic activation of HDF5
Activating thorn ADIOS2...Success -> active implementation ADIOS2
Activating thorn ADMBaseX...Success -> active implementation ADMBaseX
Activating thorn AMReX...Success -> active implementation AMReX
Activating thorn Arith...Success -> active implementation Arith
Activating thorn CanudaX_BSSNMoL...Success -> active implementation CanudaX_BSSNMoL
Activating thorn CanudaX_ExactID...Success -> active implementation CanudaX_ExactID
Activating thorn CarpetX...Success -> active implementation Driver
Activating thorn CarpetXRegrid...Success -> active implementation CarpetXRegrid
Activating thorn ErrorEstimator...Success -> active implementation ErrorEstimator
Activating thorn GSL...Success -> active implementation GSL
Activating thorn HDF5...Success -> active implementation HDF5
Activating thorn hwloc...Success -> active implementation hwloc
Activating thorn IOUtil...Success -> active implementation IO
Activating thorn Loop...Success -> active implementation Loop
Activating thorn MPI...Success -> active implementation MPI
Activating thorn NSIMD...Success -> active implementation NSIMD
Activating thorn ODESolvers...Success -> active implementation ODESolvers
Activating thorn openPMD...Success -> active implementation openPMD
Activating thorn Silo...Success -> active implementation Silo
Activating thorn TmunuBaseX...Success -> active implementation TmunuBaseX
Activating thorn yaml_cpp...Success -> active implementation yaml_cpp
Activating thorn zlib...Success -> active implementation zlib
--------------------------------------------------------------------------------
  if (recover initial data)
    Recover parameters
  endif

  Startup routines
    [CCTK_STARTUP]
      CarpetX::Driver_Startup: Start up the driver
      IOUtil::IOUtil_Startup: Startup routine
      GROUP hwloc_startup: hwloc startup group
        hwloc::hwloc_version: Output hwloc version

  Startup routines which need an existing grid hierarchy
    [CCTK_WRAGH]
      Arith::Test_smallvector: [meta] Test small vectors
      Arith::Test_spvect: [meta] Test sparse vectors
      ODESolvers::ODESolvers_InitConstants: [global] Set up dummy loop counters for schedule printout
  Parameter checking routines
    [CCTK_PARAMCHECK]
      CanudaX_BSSNMoL::CanudaX_BSSNMoL_paramcheck: Check CanudaX_BSSNMoL parameters for consistency

  Initialisation
    if (NOT (recover initial data AND recovery_mode is 'strict'))
      [CCTK_PREREGRIDINITIAL]
      Set up grid hierarchy
      [CCTK_POSTREGRIDINITIAL]
      [CCTK_BASEGRID]
        CarpetXRegrid::CarpetXRegrid_InitError: Initialize regridding error to zero
        GROUP ODESolvers_BaseGrid: Set up constants (e.g. coordinates) everywhere on the grid
      [CCTK_INITIAL]
        GROUP ODESolvers_Initial: Set up initial conditions on interior of state vector
          GROUP ADMBaseX_InitialData: Schedule group for calculating ADM initial data
            GROUP ExactID_Group: ExactID initial data group
              CanudaX_ExactID::GaugeWave_ID: [local] Create gauge wave initial data
          GROUP ADMBaseX_InitialGauge: Schedule group for the ADM initial gauge condition
            ADMBaseX::ADMBaseX_initial_dtlapse: Set dtlapse to zero
            ADMBaseX::ADMBaseX_initial_dtshift: Set dtshift to zero
          GROUP ADMBaseX_PostInitial: Schedule group for modifying the ADM initial data, such as e.g. adding noise
          GROUP CanudaX_BSSNMoL_InitialGroup: CanudaX_BSSNMoL: initial bin
            CanudaX_BSSNMoL::CanudaX_BSSNMoL_adm2bssn: [local] Convert initial data into BSSN variables
            CanudaX_BSSNMoL::CanudaX_BSSNMoL_gammat: [local] Set Gammat initial data
        GROUP TmunuBaseX_SetTmunuVars: Schedule group for setting T_munu
          TmunuBaseX::TmunuBaseX_ZeroTmunu: Set T_munu to zero
          GROUP TmunuBaseX_AddToTmunu: Add to T_munu here
      [CCTK_POSTINITIAL]
        ErrorEstimator::EstimateError: Estimate error
        GROUP ODESolvers_PostStep: Apply boundary conditions to state vector, and project if necessary
          GROUP CanudaX_BSSNMoL_PostStepGroup: CanudaX_BSSNMoL: post-step operations
            CanudaX_BSSNMoL::CanudaX_BSSNMoL_impose_conf_fac_floor: Make sure conformal factor does not drop below specified value
            CanudaX_BSSNMoL::CanudaX_BSSNMoL_reset_detmetric: reset dethh = 1
            CanudaX_BSSNMoL::CanudaX_BSSNMoL_remove_trA: Remove trace of A
            CanudaX_BSSNMoL::CanudaX_BSSNMoL_sync: [global] Sync state vector
            CanudaX_BSSNMoL::CanudaX_BSSNMoL_bssn2adm: [local] Convert variables back to the ADM ones
          GROUP ADMBaseX_SetADMRHS: Set ADM RHS variables in this group
          GROUP ADMBaseX_SetADMVars: Set ADM variables in this group
          GROUP TmunuBaseX_SetTmunuVars: Schedule group for setting T_munu
            TmunuBaseX::TmunuBaseX_ZeroTmunu: Set T_munu to zero
            GROUP TmunuBaseX_AddToTmunu: Add to T_munu here
        GROUP ODESolvers_EstimateError: Estimate discretization error (for regridding)
      Initialise finer grids recursively
      Restrict from finer grids
      [CCTK_POSTRESTRICTINITIAL]
      [CCTK_POSTPOSTINITIAL]
      [CCTK_POSTSTEP]
        ErrorEstimator::EstimateError: Estimate error
        GROUP ODESolvers_EstimateError: Estimate discretization error (for regridding)
    endif
    if (recover initial data)
      [CCTK_BASEGRID]
        CarpetXRegrid::CarpetXRegrid_InitError: Initialize regridding error to zero
        GROUP ODESolvers_BaseGrid: Set up constants (e.g. coordinates) everywhere on the grid
      [CCTK_RECOVER_VARIABLES]
      [CCTK_POST_RECOVER_VARIABLES]
        GROUP ODESolvers_PostStep: Apply boundary conditions to state vector, and project if necessary
          GROUP CanudaX_BSSNMoL_PostStepGroup: CanudaX_BSSNMoL: post-step operations
            CanudaX_BSSNMoL::CanudaX_BSSNMoL_impose_conf_fac_floor: Make sure conformal factor does not drop below specified value
            CanudaX_BSSNMoL::CanudaX_BSSNMoL_reset_detmetric: reset dethh = 1
            CanudaX_BSSNMoL::CanudaX_BSSNMoL_remove_trA: Remove trace of A
            CanudaX_BSSNMoL::CanudaX_BSSNMoL_sync: [global] Sync state vector
            CanudaX_BSSNMoL::CanudaX_BSSNMoL_bssn2adm: [local] Convert variables back to the ADM ones
          GROUP ADMBaseX_SetADMRHS: Set ADM RHS variables in this group
          GROUP ADMBaseX_SetADMVars: Set ADM variables in this group
          GROUP TmunuBaseX_SetTmunuVars: Schedule group for setting T_munu
            TmunuBaseX::TmunuBaseX_ZeroTmunu: Set T_munu to zero
            GROUP TmunuBaseX_AddToTmunu: Add to T_munu here
        GROUP ODESolvers_EstimateError: Estimate discretization error (for regridding)
    endif
    if (checkpoint initial data)
      [CCTK_CPINITIAL]
        CarpetX::CarpetX_CheckpointInitial: [meta] Checkpoint initial conditions
    endif
    if (analysis)
      [CCTK_ANALYSIS]
        CanudaX_BSSNMoL::CanudaX_BSSNMoL_bssn_constraints: Compute constraints
        GROUP ODESolvers_Analysis: Calculate analysis quantities everywhere
  endif
  Output grid variables

  do loop over timesteps
    [CCTK_PREREGRID]
    Change grid hierarchy
    [CCTK_POSTREGRID]
      GROUP ODESolvers_PostStep: Apply boundary conditions to state vector, and project if necessary
        GROUP CanudaX_BSSNMoL_PostStepGroup: CanudaX_BSSNMoL: post-step operations
          CanudaX_BSSNMoL::CanudaX_BSSNMoL_impose_conf_fac_floor: Make sure conformal factor does not drop below specified value
          CanudaX_BSSNMoL::CanudaX_BSSNMoL_reset_detmetric: reset dethh = 1
          CanudaX_BSSNMoL::CanudaX_BSSNMoL_remove_trA: Remove trace of A
          CanudaX_BSSNMoL::CanudaX_BSSNMoL_sync: [global] Sync state vector
          CanudaX_BSSNMoL::CanudaX_BSSNMoL_bssn2adm: [local] Convert variables back to the ADM ones
        GROUP ADMBaseX_SetADMRHS: Set ADM RHS variables in this group
        GROUP ADMBaseX_SetADMVars: Set ADM variables in this group
        GROUP TmunuBaseX_SetTmunuVars: Schedule group for setting T_munu
          TmunuBaseX::TmunuBaseX_ZeroTmunu: Set T_munu to zero
          GROUP TmunuBaseX_AddToTmunu: Add to T_munu here
    Rotate timelevels
    iteration = iteration+1
    t = t+dt
    [CCTK_PRESTEP]
    [CCTK_EVOL]
      ODESolvers::ODESolvers_Solve: [level] Solve ODEs
      while (ODESolvers::do_substeps)
        GROUP ODESolvers_CalledBySolve: Groups internally scheduled by ODESolvers_Solve
          GROUP ODESolvers_RHS: Evaluate the RHS for of state vector everywhere on the grid
            GROUP CanudaX_BSSNMoL_RHSGroup: CanudaX_BSSNMoL: calculate BSSN RHS
              CanudaX_BSSNMoL::CanudaX_BSSNMoL_calc_bssn_rhs: MoL RHS calculation
              CanudaX_BSSNMoL::CanudaX_BSSNMoL_apply_boundary_conditions: Apply radiative boundary conditions 
          GROUP ODESolvers_PostStep: Apply boundary conditions to state vector, and project if necessary
            GROUP CanudaX_BSSNMoL_PostStepGroup: CanudaX_BSSNMoL: post-step operations
              CanudaX_BSSNMoL::CanudaX_BSSNMoL_impose_conf_fac_floor: Make sure conformal factor does not drop below specified value
              CanudaX_BSSNMoL::CanudaX_BSSNMoL_reset_detmetric: reset dethh = 1
              CanudaX_BSSNMoL::CanudaX_BSSNMoL_remove_trA: Remove trace of A
              CanudaX_BSSNMoL::CanudaX_BSSNMoL_sync: [global] Sync state vector
              CanudaX_BSSNMoL::CanudaX_BSSNMoL_bssn2adm: [local] Convert variables back to the ADM ones
            GROUP ADMBaseX_SetADMRHS: Set ADM RHS variables in this group
            GROUP ADMBaseX_SetADMVars: Set ADM variables in this group
            GROUP TmunuBaseX_SetTmunuVars: Schedule group for setting T_munu
              TmunuBaseX::TmunuBaseX_ZeroTmunu: Set T_munu to zero
              GROUP TmunuBaseX_AddToTmunu: Add to T_munu here
      end while
    Evolve finer grids recursively
    Restrict from finer grids
    [CCTK_POSTRESTRICT]
      GROUP ODESolvers_PostStep: Apply boundary conditions to state vector, and project if necessary
        GROUP CanudaX_BSSNMoL_PostStepGroup: CanudaX_BSSNMoL: post-step operations
          CanudaX_BSSNMoL::CanudaX_BSSNMoL_impose_conf_fac_floor: Make sure conformal factor does not drop below specified value
          CanudaX_BSSNMoL::CanudaX_BSSNMoL_reset_detmetric: reset dethh = 1
          CanudaX_BSSNMoL::CanudaX_BSSNMoL_remove_trA: Remove trace of A
          CanudaX_BSSNMoL::CanudaX_BSSNMoL_sync: [global] Sync state vector
          CanudaX_BSSNMoL::CanudaX_BSSNMoL_bssn2adm: [local] Convert variables back to the ADM ones
        GROUP ADMBaseX_SetADMRHS: Set ADM RHS variables in this group
        GROUP ADMBaseX_SetADMVars: Set ADM variables in this group
        GROUP TmunuBaseX_SetTmunuVars: Schedule group for setting T_munu
          TmunuBaseX::TmunuBaseX_ZeroTmunu: Set T_munu to zero
          GROUP TmunuBaseX_AddToTmunu: Add to T_munu here
    [CCTK_POSTSTEP]
      ErrorEstimator::EstimateError: Estimate error
      GROUP ODESolvers_EstimateError: Estimate discretization error (for regridding)
    if (checkpoint)
      [CCTK_CHECKPOINT]
      CarpetX::CarpetX_Checkpoint: [meta] Checkpoint
    endif
    if (analysis)
      [CCTK_ANALYSIS]
      CanudaX_BSSNMoL::CanudaX_BSSNMoL_bssn_constraints: Compute constraints
      GROUP ODESolvers_Analysis: Calculate analysis quantities everywhere
    endif
    Output grid variables
    enddo

  Termination routines
    [CCTK_TERMINATE]
      CarpetX::CarpetX_CheckpointTerminate: [meta] Checkpoint before terminating

  Shutdown routines
    [CCTK_SHUTDOWN]
      CarpetX::Driver_Shutdown: [meta] Shut down the driver

  Routines run after changing the grid hierarchy:
    [CCTK_POSTREGRID]
      GROUP ODESolvers_PostStep: Apply boundary conditions to state vector, and project if necessary
        GROUP CanudaX_BSSNMoL_PostStepGroup: CanudaX_BSSNMoL: post-step operations
          CanudaX_BSSNMoL::CanudaX_BSSNMoL_impose_conf_fac_floor: Make sure conformal factor does not drop below specified value
          CanudaX_BSSNMoL::CanudaX_BSSNMoL_reset_detmetric: reset dethh = 1
          CanudaX_BSSNMoL::CanudaX_BSSNMoL_remove_trA: Remove trace of A
          CanudaX_BSSNMoL::CanudaX_BSSNMoL_sync: [global] Sync state vector
          CanudaX_BSSNMoL::CanudaX_BSSNMoL_bssn2adm: [local] Convert variables back to the ADM ones
        GROUP ADMBaseX_SetADMRHS: Set ADM RHS variables in this group
        GROUP ADMBaseX_SetADMVars: Set ADM variables in this group
        GROUP TmunuBaseX_SetTmunuVars: Schedule group for setting T_munu
          TmunuBaseX::TmunuBaseX_ZeroTmunu: Set T_munu to zero
          GROUP TmunuBaseX_AddToTmunu: Add to T_munu here
--------------------------------------------------------------------------------
INFO (hwloc): library version 2.10.0, API version 0x20800
--------------------------------------------------------------------------------

  [34m  ▕▏  [34m  ▕▏  [34m  ▕▏  [34m  ▕▏  [34m  ▕▏  [34m  ▕▏  [34m  ▕▏  [34m  ▕▏  [34m  ▕▏  [39m  
  [34m──██──[34m──██──[34m──██──[34m──██──[34m──██──[34m──██──[34m──██──[34m──██──[34m──██──[39m  
  [34m  ▕▏  [34m  ▕▏  [34m  ▕▏  [34m  ▕▏  [34m  ▕▏  [34m  ▕▏  [34m  ▕▏  [34m  ▕▏  [34m  ▕▏  [39m  
  [34m  ▕▏  [32m██████[34m  ▕▏  [34m  ▕▏  [32m██████[34m  ▕▏  [34m  ▕▏  [32m██████[34m  ▕▏  [39m  
  [34m──██──[32m██████[34m──██──[34m──██──[32m██████[34m──██──[34m──██──[32m██████[34m──██──[39m  
  [34m  ▕▏  [32m██████[34m  ▕▏  [34m  ▕▏  [32m██████[34m  ▕▏  [34m  ▕▏  [32m██████[34m  ▕▏  [39m  
  [34m  ▕▏  [34m  ▕▏  [34m  ▕▏  [34m  ▕▏  [34m  ▕▏  [34m  ▕▏  [34m  ▕▏  [34m  ▕▏  [34m  ▕▏  [39m  
  [34m──██──[34m──██──[34m──██──[34m──██──[34m──██──[34m──██──[34m──██──[34m──██──[34m──██──[39m  
  [34m  ▕▏  [34m  ▕▏  [34m  ▕▏  [34m  ▕▏  [34m  ▕▏  [34m  ▕▏  [34m  ▕▏  [34m  ▕▏  [34m  ▕▏  [39m  
  [34m  ▕▏  [34m  ▕▏  [34m  ▕▏  [31m██████[31m██████[31m██████[34m  ▕▏  [34m  ▕▏  [34m  ▕▏  [39m  
  [34m──██──[34m──██──[34m──██──[31m██████[31m██████[31m██████[34m──██──[34m──██──[34m──██──[39m  
  [34m  ▕▏  [34m  ▕▏  [34m  ▕▏  [31m██████[31m██████[31m██████[34m  ▕▏  [34m  ▕▏  [34m  ▕▏  [39m  
  [34m  ▕▏  [32m██████[34m  ▕▏  [31m██████[31m██████[31m██████[34m  ▕▏  [32m██████[34m  ▕▏  [39m  
  [34m──██──[32m██████[34m──██──[31m██████[31m██████[31m██████[34m──██──[32m██████[34m──██──[39m  
  [34m  ▕▏  [32m██████[34m  ▕▏  [31m██████[31m██████[31m██████[34m  ▕▏  [32m██████[34m  ▕▏  [39m  
  [34m  ▕▏  [34m  ▕▏  [34m  ▕▏  [31m██████[31m██████[31m██████[34m  ▕▏  [34m  ▕▏  [34m  ▕▏  [39m  
  [34m──██──[34m──██──[34m──██──[31m██████[31m██████[31m██████[34m──██──[34m──██──[34m──██──[39m  
  [34m  ▕▏  [34m  ▕▏  [34m  ▕▏  [31m██████[31m██████[31m██████[34m  ▕▏  [34m  ▕▏  [34m  ▕▏  [39m  
  [34m  ▕▏  [34m  ▕▏  [34m  ▕▏  [34m  ▕▏  [34m  ▕▏  [34m  ▕▏  [34m  ▕▏  [34m  ▕▏  [34m  ▕▏  [39m  
  [34m──██──[34m──██──[34m──██──[34m──██──[34m──██──[34m──██──[34m──██──[34m──██──[34m──██──[39m  
  [34m  ▕▏  [34m  ▕▏  [34m  ▕▏  [34m  ▕▏  [34m  ▕▏  [34m  ▕▏  [34m  ▕▏  [34m  ▕▏  [34m  ▕▏  [39m  
  [34m  ▕▏  [32m██████[34m  ▕▏  [34m  ▕▏  [32m██████[34m  ▕▏  [34m  ▕▏  [32m██████[34m  ▕▏  [39m  
  [34m──██──[32m██████[34m──██──[34m──██──[32m██████[34m──██──[34m──██──[32m██████[34m──██──[39m  
  [34m  ▕▏  [32m██████[34m  ▕▏  [34m  ▕▏  [32m██████[34m  ▕▏  [34m  ▕▏  [32m██████[34m  ▕▏  [39m  
  [34m  ▕▏  [34m  ▕▏  [34m  ▕▏  [34m  ▕▏  [34m  ▕▏  [34m  ▕▏  [34m  ▕▏  [34m  ▕▏  [34m  ▕▏  [39m  
  [34m──██──[34m──██──[34m──██──[34m──██──[34m──██──[34m──██──[34m──██──[34m──██──[34m──██──[39m  
  [34m  ▕▏  [34m  ▕▏  [34m  ▕▏  [34m  ▕▏  [34m  ▕▏  [34m  ▕▏  [34m  ▕▏  [34m  ▕▏  [34m  ▕▏  [39m  

AMR driver provided by CarpetX,
using AMReX 25.11 (MPI, OpenMP, no accelerators, optimized)
--------------------------------------------------------------------------------

Initializing AMReX (25.11)...
MPI initialized with 1 MPI processes
MPI initialized with thread support level 2
OMP initialized with 2 OMP threads
AMReX (25.11) initialized
INFO (CarpetX): 
Symmetries:
  lower x: periodic
  lower y: periodic
  lower z: periodic
  upper x: periodic
  upper y: periodic
  upper z: periodic
Default boundaries:
  lower x: symmetry_boundary
  lower y: symmetry_boundary
  lower z: symmetry_boundary
  upper x: symmetry_boundary
  upper y: symmetry_boundary
  upper z: symmetry_boundary
INFO (Arith): Test_smallvector
INFO (Arith): Test_spvect
INFO (CarpetX): Setting initial values for max_grid_size values for all levels
INFO (CarpetX): Setting up initial conditions...
INFO (CarpetX): Iteration: 0   time: 0   delta_time: 0.00390625
INFO (CarpetX): Patch 0:
INFO (CarpetX):   Grid extent:
INFO (CarpetX):     gsh=[71,15,15]
INFO (CarpetX):     blocking_factor=[8,8,8]
INFO (CarpetX):     max_grid_size=[10000000,10000000,10000000]
INFO (CarpetX):     max_tile_size=[1024000,16,32]
INFO (CarpetX):   Domain extent:
INFO (CarpetX):     xmin=[-0.5,-0.0625,-0.0625]
INFO (CarpetX):     xmax=[0.5,0.0625,0.0625]
INFO (CarpetX):     base dx=[0.015625,0.015625,0.015625]
INFO (CarpetX): Initializing level 0...
INFO (CanudaX_ExactID): Begin Gauge Wave initial data
INFO (CanudaX_ExactID): === End gauge wave initial data ===
INFO (CarpetX): Regridding...
INFO (CarpetX):   level 0: 1 boxes, 4096 cells (100%)
INFO (CarpetX): Initialized 1 levels
INFO (CarpetX): OutputGH: iteration 0, time 0.000000, run time 1 s
INFO (CarpetX): OutputGH done.
INFO (CarpetX): Starting evolution...
INFO (ODESolvers): ODE integrator is RK4
INFO (CarpetX): OutputGH: iteration 1, time 0.003906, run time 1 s
INFO (CarpetX): OutputGH done.
INFO (CarpetX): Simulation time: 0.00390625   Iterations per second: 16.6998   Simulation time per second: 0.0652336
INFO (CarpetX): Grid cells: 4096   Grid cell updates per second: 68402.4
INFO (CarpetX): Performance:
INFO (CarpetX):   total evolution time:            0.059881 sec
INFO (CarpetX):   total evolution compute time:    0.0598571 sec
INFO (CarpetX):   total evolution output time:     2.38419e-05 sec
INFO (CarpetX):   total iterations:                1
INFO (CarpetX):   total cells updated:             4096
INFO (CarpetX):   average iterations per second: 16.6998
INFO (CarpetX):   average cell updates per second: 68402.4
INFO (CarpetX): OutputGH: iteration 2, time 0.007812, run time 1 s
INFO (CarpetX): OutputGH done.
INFO (CarpetX): Simulation time: 0.0078125   Iterations per second: 17.0165   Simulation time per second: 0.0664707
INFO (CarpetX): Grid cells: 4096   Grid cell updates per second: 69699.6
INFO (CarpetX): Performance:
INFO (CarpetX):   total evolution time:            0.117533 sec
INFO (CarpetX):   total evolution compute time:    0.117486 sec
INFO (CarpetX):   total evolution output time:     4.69685e-05 sec
INFO (CarpetX):   total iterations:                2
INFO (CarpetX):   total cells updated:             8192
INFO (CarpetX):   average iterations per second: 17.0165
INFO (CarpetX):   average cell updates per second: 69699.6
INFO (CarpetX): OutputGH: iteration 3, time 0.011719, run time 1 s
INFO (CarpetX): OutputGH done.
INFO (CarpetX): Simulation time: 0.0117188   Iterations per second: 17.1257   Simulation time per second: 0.0668974
INFO (CarpetX): Grid cells: 4096   Grid cell updates per second: 70147
INFO (CarpetX): Performance:
INFO (CarpetX):   total evolution time:            0.175175 sec
INFO (CarpetX):   total evolution compute time:    0.175107 sec
INFO (CarpetX):   total evolution output time:     6.79493e-05 sec
INFO (CarpetX):   total iterations:                3
INFO (CarpetX):   total cells updated:             12288
INFO (CarpetX):   average iterations per second: 17.1257
INFO (CarpetX):   average cell updates per second: 70147
INFO (CarpetX): OutputGH: iteration 4, time 0.015625, run time 1 s
INFO (CarpetX): OutputGH done.
INFO (CarpetX): Simulation time: 0.015625   Iterations per second: 17.1808   Simulation time per second: 0.0671125
INFO (CarpetX): Grid cells: 4096   Grid cell updates per second: 70372.6
INFO (CarpetX): Performance:
INFO (CarpetX):   total evolution time:            0.232818 sec
INFO (CarpetX):   total evolution compute time:    0.232731 sec
INFO (CarpetX):   total evolution output time:     8.70228e-05 sec
INFO (CarpetX):   total iterations:                4
INFO (CarpetX):   total cells updated:             16384
INFO (CarpetX):   average iterations per second: 17.1808
INFO (CarpetX):   average cell updates per second: 70372.6
INFO (CarpetX): OutputGH: iteration 5, time 0.019531, run time 1 s
INFO (CarpetX): OutputGH done.
INFO (CarpetX): Simulation time: 0.0195312   Iterations per second: 17.2184   Simulation time per second: 0.0672592
INFO (CarpetX): Grid cells: 4096   Grid cell updates per second: 70526.4
INFO (CarpetX): Performance:
INFO (CarpetX):   total evolution time:            0.290388 sec
INFO (CarpetX):   total evolution compute time:    0.290281 sec
INFO (CarpetX):   total evolution output time:     0.000106812 sec
INFO (CarpetX):   total iterations:                5
INFO (CarpetX):   total cells updated:             20480
INFO (CarpetX):   average iterations per second: 17.2184
INFO (CarpetX):   average cell updates per second: 70526.4
INFO (CarpetX): OutputGH: iteration 6, time 0.023438, run time 1 s
INFO (CarpetX): OutputGH done.
INFO (CarpetX): Simulation time: 0.0234375   Iterations per second: 17.2408   Simulation time per second: 0.067347
INFO (CarpetX): Grid cells: 4096   Grid cell updates per second: 70618.5
INFO (CarpetX): Performance:
INFO (CarpetX):   total evolution time:            0.348011 sec
INFO (CarpetX):   total evolution compute time:    0.347884 sec
INFO (CarpetX):   total evolution output time:     0.000126839 sec
INFO (CarpetX):   total iterations:                6
INFO (CarpetX):   total cells updated:             24576
INFO (CarpetX):   average iterations per second: 17.2408
INFO (CarpetX):   average cell updates per second: 70618.5
INFO (CarpetX): OutputGH: iteration 7, time 0.027344, run time 1 s
INFO (CarpetX): OutputGH done.
INFO (CarpetX): Simulation time: 0.0273438   Iterations per second: 17.2586   Simulation time per second: 0.0674164
INFO (CarpetX): Grid cells: 4096   Grid cell updates per second: 70691.2
INFO (CarpetX): Performance:
INFO (CarpetX):   total evolution time:            0.405595 sec
INFO (CarpetX):   total evolution compute time:    0.405448 sec
INFO (CarpetX):   total evolution output time:     0.000146866 sec
INFO (CarpetX):   total iterations:                7
INFO (CarpetX):   total cells updated:             28672
INFO (CarpetX):   average iterations per second: 17.2586
INFO (CarpetX):   average cell updates per second: 70691.2
INFO (CarpetX): OutputGH: iteration 8, time 0.031250, run time 1 s
INFO (CarpetX): OutputGH done.
INFO (CarpetX): Simulation time: 0.03125   Iterations per second: 17.2696   Simulation time per second: 0.0674593
INFO (CarpetX): Grid cells: 4096   Grid cell updates per second: 70736.2
INFO (CarpetX): Performance:
INFO (CarpetX):   total evolution time:            0.463242 sec
INFO (CarpetX):   total evolution compute time:    0.463074 sec
INFO (CarpetX):   total evolution output time:     0.000167847 sec
INFO (CarpetX):   total iterations:                8
INFO (CarpetX):   total cells updated:             32768
INFO (CarpetX):   average iterations per second: 17.2696
INFO (CarpetX):   average cell updates per second: 70736.2
INFO (CarpetX): OutputGH: iteration 9, time 0.035156, run time 1 s
INFO (CarpetX): OutputGH done.
INFO (CarpetX): Simulation time: 0.0351562   Iterations per second: 17.2824   Simulation time per second: 0.0675093
INFO (CarpetX): Grid cells: 4096   Grid cell updates per second: 70788.7
INFO (CarpetX): Performance:
INFO (CarpetX):   total evolution time:            0.520761 sec
INFO (CarpetX):   total evolution compute time:    0.520573 sec
INFO (CarpetX):   total evolution output time:     0.000187874 sec
INFO (CarpetX):   total iterations:                9
INFO (CarpetX):   total cells updated:             36864
INFO (CarpetX):   average iterations per second: 17.2824
INFO (CarpetX):   average cell updates per second: 70788.7
INFO (CarpetX): OutputGH: iteration 10, time 0.039062, run time 1 s
INFO (CarpetX): OutputGH done.
INFO (CarpetX): Simulation time: 0.0390625   Iterations per second: 17.2861   Simulation time per second: 0.0675239
INFO (CarpetX): Grid cells: 4096   Grid cell updates per second: 70803.9
INFO (CarpetX): Performance:
INFO (CarpetX):   total evolution time:            0.578499 sec
INFO (CarpetX):   total evolution compute time:    0.578285 sec
INFO (CarpetX):   total evolution output time:     0.000213861 sec
INFO (CarpetX):   total iterations:                10
INFO (CarpetX):   total cells updated:             40960
INFO (CarpetX):   average iterations per second: 17.2861
INFO (CarpetX):   average cell updates per second: 70803.9
INFO (CarpetX): OutputGH: iteration 11, time 0.042969, run time 1 s
INFO (CarpetX): OutputGH done.
INFO (CarpetX): Simulation time: 0.0429688   Iterations per second: 17.2932   Simulation time per second: 0.0675517
INFO (CarpetX): Grid cells: 4096   Grid cell updates per second: 70833.1
INFO (CarpetX): Performance:
INFO (CarpetX):   total evolution time:            0.636111 sec
INFO (CarpetX):   total evolution compute time:    0.635876 sec
INFO (CarpetX):   total evolution output time:     0.000234842 sec
INFO (CarpetX):   total iterations:                11
INFO (CarpetX):   total cells updated:             45056
INFO (CarpetX):   average iterations per second: 17.2926
INFO (CarpetX):   average cell updates per second: 70830.4
INFO (CarpetX): OutputGH: iteration 12, time 0.046875, run time 1 s
INFO (CarpetX): OutputGH done.
INFO (CarpetX): Simulation time: 0.046875   Iterations per second: 17.3007   Simulation time per second: 0.067581
INFO (CarpetX): Grid cells: 4096   Grid cell updates per second: 70863.8
INFO (CarpetX): Performance:
INFO (CarpetX):   total evolution time:            0.693686 sec
INFO (CarpetX):   total evolution compute time:    0.69343 sec
INFO (CarpetX):   total evolution output time:     0.000255823 sec
INFO (CarpetX):   total iterations:                12
INFO (CarpetX):   total cells updated:             49152
INFO (CarpetX):   average iterations per second: 17.2989
INFO (CarpetX):   average cell updates per second: 70856.3
INFO (CarpetX): OutputGH: iteration 13, time 0.050781, run time 1 s
INFO (CarpetX): OutputGH done.
INFO (CarpetX): Simulation time: 0.0507812   Iterations per second: 17.3091   Simulation time per second: 0.0676135
INFO (CarpetX): Grid cells: 4096   Grid cell updates per second: 70897.9
INFO (CarpetX): Performance:
INFO (CarpetX):   total evolution time:            0.751209 sec
INFO (CarpetX):   total evolution compute time:    0.750932 sec
INFO (CarpetX):   total evolution output time:     0.000276804 sec
INFO (CarpetX):   total iterations:                13
INFO (CarpetX):   total cells updated:             53248
INFO (CarpetX):   average iterations per second: 17.3054
INFO (CarpetX):   average cell updates per second: 70883.1
INFO (CarpetX): OutputGH: iteration 14, time 0.054688, run time 1 s
INFO (CarpetX): OutputGH done.
INFO (CarpetX): Simulation time: 0.0546875   Iterations per second: 17.3131   Simulation time per second: 0.0676291
INFO (CarpetX): Grid cells: 4096   Grid cell updates per second: 70914.3
INFO (CarpetX): Performance:
INFO (CarpetX):   total evolution time:            0.808849 sec
INFO (CarpetX):   total evolution compute time:    0.80855 sec
INFO (CarpetX):   total evolution output time:     0.000298738 sec
INFO (CarpetX):   total iterations:                14
INFO (CarpetX):   total cells updated:             57344
INFO (CarpetX):   average iterations per second: 17.3085
INFO (CarpetX):   average cell updates per second: 70895.8
INFO (CarpetX): OutputGH: iteration 15, time 0.058594, run time 1 s
INFO (CarpetX): OutputGH done.
INFO (CarpetX): Simulation time: 0.0585938   Iterations per second: 17.3176   Simulation time per second: 0.067647
INFO (CarpetX): Grid cells: 4096   Grid cell updates per second: 70933
INFO (CarpetX): Performance:
INFO (CarpetX):   total evolution time:            0.866456 sec
INFO (CarpetX):   total evolution compute time:    0.866135 sec
INFO (CarpetX):   total evolution output time:     0.000320911 sec
INFO (CarpetX):   total iterations:                15
INFO (CarpetX):   total cells updated:             61440
INFO (CarpetX):   average iterations per second: 17.3119
INFO (CarpetX):   average cell updates per second: 70909.5
INFO (CarpetX): OutputGH: iteration 16, time 0.062500, run time 2 s
INFO (CarpetX): OutputGH done.
INFO (CarpetX): Simulation time: 0.0625   Iterations per second: 17.3224   Simulation time per second: 0.0676657
INFO (CarpetX): Grid cells: 4096   Grid cell updates per second: 70952.7
INFO (CarpetX): Performance:
INFO (CarpetX):   total evolution time:            0.924041 sec
INFO (CarpetX):   total evolution compute time:    0.9237 sec
INFO (CarpetX):   total evolution output time:     0.000340939 sec
INFO (CarpetX):   total iterations:                16
INFO (CarpetX):   total cells updated:             65536
INFO (CarpetX):   average iterations per second: 17.3152
INFO (CarpetX):   average cell updates per second: 70923.3
INFO (CarpetX): OutputGH: iteration 17, time 0.066406, run time 2 s
INFO (CarpetX): OutputGH done.
INFO (CarpetX): Simulation time: 0.0664062   Iterations per second: 17.3271   Simulation time per second: 0.067684
INFO (CarpetX): Grid cells: 4096   Grid cell updates per second: 70971.8
INFO (CarpetX): Performance:
INFO (CarpetX):   total evolution time:            0.981614 sec
INFO (CarpetX):   total evolution compute time:    0.981253 sec
INFO (CarpetX):   total evolution output time:     0.000360966 sec
INFO (CarpetX):   total iterations:                17
INFO (CarpetX):   total cells updated:             69632
INFO (CarpetX):   average iterations per second: 17.3184
INFO (CarpetX):   average cell updates per second: 70936.2
INFO (CarpetX): OutputGH: iteration 18, time 0.070312, run time 2 s
INFO (CarpetX): OutputGH done.
INFO (CarpetX): Simulation time: 0.0703125   Iterations per second: 17.3286   Simulation time per second: 0.0676897
INFO (CarpetX): Grid cells: 4096   Grid cell updates per second: 70977.8
INFO (CarpetX): Performance:
INFO (CarpetX):   total evolution time:            1.03928 sec
INFO (CarpetX):   total evolution compute time:    1.0389 sec
INFO (CarpetX):   total evolution output time:     0.000381947 sec
INFO (CarpetX):   total iterations:                18
INFO (CarpetX):   total cells updated:             73728
INFO (CarpetX):   average iterations per second: 17.3197
INFO (CarpetX):   average cell updates per second: 70941.6
INFO (CarpetX): OutputGH: iteration 19, time 0.074219, run time 2 s
INFO (CarpetX): OutputGH done.
INFO (CarpetX): Simulation time: 0.0742188   Iterations per second: 17.3298   Simulation time per second: 0.0676947
INFO (CarpetX): Grid cells: 4096   Grid cell updates per second: 70983
INFO (CarpetX): Performance:
INFO (CarpetX):   total evolution time:            1.09694 sec
INFO (CarpetX):   total evolution compute time:    1.09654 sec
INFO (CarpetX):   total evolution output time:     0.000403881 sec
INFO (CarpetX):   total iterations:                19
INFO (CarpetX):   total cells updated:             77824
INFO (CarpetX):   average iterations per second: 17.3209
INFO (CarpetX):   average cell updates per second: 70946.2
INFO (CarpetX): OutputGH: iteration 20, time 0.078125, run time 2 s
INFO (CarpetX): OutputGH done.
INFO (CarpetX): Simulation time: 0.078125   Iterations per second: 17.3315   Simulation time per second: 0.0677012
INFO (CarpetX): Grid cells: 4096   Grid cell updates per second: 70989.8
INFO (CarpetX): Performance:
INFO (CarpetX):   total evolution time:            1.15459 sec
INFO (CarpetX):   total evolution compute time:    1.15417 sec
INFO (CarpetX):   total evolution output time:     0.000425816 sec
INFO (CarpetX):   total iterations:                20
INFO (CarpetX):   total cells updated:             81920
INFO (CarpetX):   average iterations per second: 17.3221
INFO (CarpetX):   average cell updates per second: 70951.4
INFO (CarpetX): OutputGH: iteration 21, time 0.082031, run time 2 s
INFO (CarpetX): OutputGH done.
INFO (CarpetX): Simulation time: 0.0820312   Iterations per second: 17.3349   Simulation time per second: 0.0677144
INFO (CarpetX): Grid cells: 4096   Grid cell updates per second: 71003.6
INFO (CarpetX): Performance:
INFO (CarpetX):   total evolution time:            1.21218 sec
INFO (CarpetX):   total evolution compute time:    1.21173 sec
INFO (CarpetX):   total evolution output time:     0.000445843 sec
INFO (CarpetX):   total iterations:                21
INFO (CarpetX):   total cells updated:             86016
INFO (CarpetX):   average iterations per second: 17.3242
INFO (CarpetX):   average cell updates per second: 70959.8
INFO (CarpetX): OutputGH: iteration 22, time 0.085938, run time 2 s
INFO (CarpetX): OutputGH done.
INFO (CarpetX): Simulation time: 0.0859375   Iterations per second: 17.3364   Simulation time per second: 0.0677204
INFO (CarpetX): Grid cells: 4096   Grid cell updates per second: 71009.9
INFO (CarpetX): Performance:
INFO (CarpetX):   total evolution time:            1.26981 sec
INFO (CarpetX):   total evolution compute time:    1.26935 sec
INFO (CarpetX):   total evolution output time:     0.00046587 sec
INFO (CarpetX):   total iterations:                22
INFO (CarpetX):   total cells updated:             90112
INFO (CarpetX):   average iterations per second: 17.3254
INFO (CarpetX):   average cell updates per second: 70964.7
INFO (CarpetX): OutputGH: iteration 23, time 0.089844, run time 2 s
INFO (CarpetX): OutputGH done.
INFO (CarpetX): Simulation time: 0.0898438   Iterations per second: 17.3399   Simulation time per second: 0.0677339
INFO (CarpetX): Grid cells: 4096   Grid cell updates per second: 71024.1
INFO (CarpetX): Performance:
INFO (CarpetX):   total evolution time:            1.32738 sec
INFO (CarpetX):   total evolution compute time:    1.3269 sec
INFO (CarpetX):   total evolution output time:     0.000485897 sec
INFO (CarpetX):   total iterations:                23
INFO (CarpetX):   total cells updated:             94208
INFO (CarpetX):   average iterations per second: 17.3273
INFO (CarpetX):   average cell updates per second: 70972.8
INFO (CarpetX): OutputGH: iteration 24, time 0.093750, run time 2 s
INFO (CarpetX): OutputGH done.
INFO (CarpetX): Simulation time: 0.09375   Iterations per second: 17.342   Simulation time per second: 0.0677423
INFO (CarpetX): Grid cells: 4096   Grid cell updates per second: 71032.9
INFO (CarpetX): Performance:
INFO (CarpetX):   total evolution time:            1.38498 sec
INFO (CarpetX):   total evolution compute time:    1.38447 sec
INFO (CarpetX):   total evolution output time:     0.000505924 sec
INFO (CarpetX):   total iterations:                24
INFO (CarpetX):   total cells updated:             98304
INFO (CarpetX):   average iterations per second: 17.3288
INFO (CarpetX):   average cell updates per second: 70978.6
INFO (CarpetX): OutputGH: iteration 25, time 0.097656, run time 2 s
INFO (CarpetX): OutputGH done.
INFO (CarpetX): Simulation time: 0.0976562   Iterations per second: 17.3445   Simulation time per second: 0.0677521
INFO (CarpetX): Grid cells: 4096   Grid cell updates per second: 71043.2
INFO (CarpetX): Performance:
INFO (CarpetX):   total evolution time:            1.44256 sec
INFO (CarpetX):   total evolution compute time:    1.44204 sec
INFO (CarpetX):   total evolution output time:     0.000524759 sec
INFO (CarpetX):   total iterations:                25
INFO (CarpetX):   total cells updated:             102400
INFO (CarpetX):   average iterations per second: 17.3303
INFO (CarpetX):   average cell updates per second: 70984.9
INFO (CarpetX): OutputGH: iteration 26, time 0.101562, run time 2 s
INFO (CarpetX): OutputGH done.
INFO (CarpetX): Simulation time: 0.101562   Iterations per second: 17.3478   Simulation time per second: 0.0677649
INFO (CarpetX): Grid cells: 4096   Grid cell updates per second: 71056.6
INFO (CarpetX): Performance:
INFO (CarpetX):   total evolution time:            1.50011 sec
INFO (CarpetX):   total evolution compute time:    1.49956 sec
INFO (CarpetX):   total evolution output time:     0.00054574 sec
INFO (CarpetX):   total iterations:                26
INFO (CarpetX):   total cells updated:             106496
INFO (CarpetX):   average iterations per second: 17.3321
INFO (CarpetX):   average cell updates per second: 70992.3
INFO (CarpetX): OutputGH: iteration 27, time 0.105469, run time 2 s
INFO (CarpetX): OutputGH done.
INFO (CarpetX): Simulation time: 0.105469   Iterations per second: 17.3497   Simulation time per second: 0.0677724
INFO (CarpetX): Grid cells: 4096   Grid cell updates per second: 71064.5
INFO (CarpetX): Performance:
INFO (CarpetX):   total evolution time:            1.55769 sec
INFO (CarpetX):   total evolution compute time:    1.55712 sec
INFO (CarpetX):   total evolution output time:     0.000565767 sec
INFO (CarpetX):   total iterations:                27
INFO (CarpetX):   total cells updated:             110592
INFO (CarpetX):   average iterations per second: 17.3334
INFO (CarpetX):   average cell updates per second: 70997.6
INFO (CarpetX): OutputGH: iteration 28, time 0.109375, run time 2 s
INFO (CarpetX): OutputGH done.
INFO (CarpetX): Simulation time: 0.109375   Iterations per second: 17.3505   Simulation time per second: 0.0677754
INFO (CarpetX): Grid cells: 4096   Grid cell updates per second: 71067.7
INFO (CarpetX): Performance:
INFO (CarpetX):   total evolution time:            1.6153 sec
INFO (CarpetX):   total evolution compute time:    1.61471 sec
INFO (CarpetX):   total evolution output time:     0.000584602 sec
INFO (CarpetX):   total iterations:                28
INFO (CarpetX):   total cells updated:             114688
INFO (CarpetX):   average iterations per second: 17.3343
INFO (CarpetX):   average cell updates per second: 71001.1
INFO (CarpetX): OutputGH: iteration 29, time 0.113281, run time 2 s
INFO (CarpetX): OutputGH done.
INFO (CarpetX): Simulation time: 0.113281   Iterations per second: 17.3456   Simulation time per second: 0.0677561
INFO (CarpetX): Grid cells: 4096   Grid cell updates per second: 71047.4
INFO (CarpetX): Performance:
INFO (CarpetX):   total evolution time:            1.6731 sec
INFO (CarpetX):   total evolution compute time:    1.67249 sec
INFO (CarpetX):   total evolution output time:     0.000606537 sec
INFO (CarpetX):   total iterations:                29
INFO (CarpetX):   total cells updated:             118784
INFO (CarpetX):   average iterations per second: 17.3331
INFO (CarpetX):   average cell updates per second: 70996.4
INFO (CarpetX): OutputGH: iteration 30, time 0.117188, run time 2 s
INFO (CarpetX): OutputGH done.
INFO (CarpetX): Simulation time: 0.117188   Iterations per second: 17.3459   Simulation time per second: 0.0677576
INFO (CarpetX): Grid cells: 4096   Grid cell updates per second: 71049
INFO (CarpetX): Performance:
INFO (CarpetX):   total evolution time:            1.73074 sec
INFO (CarpetX):   total evolution compute time:    1.73011 sec
INFO (CarpetX):   total evolution output time:     0.000627518 sec
INFO (CarpetX):   total iterations:                30
INFO (CarpetX):   total cells updated:             122880
INFO (CarpetX):   average iterations per second: 17.3336
INFO (CarpetX):   average cell updates per second: 70998.6
INFO (CarpetX): OutputGH: iteration 31, time 0.121094, run time 2 s
INFO (CarpetX): OutputGH done.
INFO (CarpetX): Simulation time: 0.121094   Iterations per second: 17.346   Simulation time per second: 0.0677576
INFO (CarpetX): Grid cells: 4096   Grid cell updates per second: 71049
INFO (CarpetX): Performance:
INFO (CarpetX):   total evolution time:            1.78839 sec
INFO (CarpetX):   total evolution compute time:    1.78774 sec
INFO (CarpetX):   total evolution output time:     0.000649452 sec
INFO (CarpetX):   total iterations:                31
INFO (CarpetX):   total cells updated:             126976
INFO (CarpetX):   average iterations per second: 17.3341
INFO (CarpetX):   average cell updates per second: 71000.3
INFO (CarpetX): OutputGH: iteration 32, time 0.125000, run time 2 s
INFO (CarpetX): OutputGH done.
INFO (CarpetX): Simulation time: 0.125   Iterations per second: 17.3452   Simulation time per second: 0.0677549
INFO (CarpetX): Grid cells: 4096   Grid cell updates per second: 71046.1
INFO (CarpetX): Performance:
INFO (CarpetX):   total evolution time:            1.84606 sec
INFO (CarpetX):   total evolution compute time:    1.84539 sec
INFO (CarpetX):   total evolution output time:     0.00067234 sec
INFO (CarpetX):   total iterations:                32
INFO (CarpetX):   total cells updated:             131072
INFO (CarpetX):   average iterations per second: 17.3342
INFO (CarpetX):   average cell updates per second: 71000.9
INFO (CarpetX): OutputGH: iteration 33, time 0.128906, run time 3 s
INFO (CarpetX): OutputGH done.
INFO (CarpetX): Simulation time: 0.128906   Iterations per second: 17.348   Simulation time per second: 0.0677655
INFO (CarpetX): Grid cells: 4096   Grid cell updates per second: 71057.3
INFO (CarpetX): Performance:
INFO (CarpetX):   total evolution time:            1.90362 sec
INFO (CarpetX):   total evolution compute time:    1.90293 sec
INFO (CarpetX):   total evolution output time:     0.000691414 sec
INFO (CarpetX):   total iterations:                33
INFO (CarpetX):   total cells updated:             135168
INFO (CarpetX):   average iterations per second: 17.3354
INFO (CarpetX):   average cell updates per second: 71005.6
INFO (CarpetX): OutputGH: iteration 34, time 0.132812, run time 3 s
INFO (CarpetX): OutputGH done.
INFO (CarpetX): Simulation time: 0.132812   Iterations per second: 17.3523   Simulation time per second: 0.0677823
INFO (CarpetX): Grid cells: 4096   Grid cell updates per second: 71074.9
INFO (CarpetX): Performance:
INFO (CarpetX):   total evolution time:            1.96112 sec
INFO (CarpetX):   total evolution compute time:    1.96041 sec
INFO (CarpetX):   total evolution output time:     0.000711203 sec
INFO (CarpetX):   total iterations:                34
INFO (CarpetX):   total cells updated:             139264
INFO (CarpetX):   average iterations per second: 17.337
INFO (CarpetX):   average cell updates per second: 71012.3
INFO (CarpetX): OutputGH: iteration 35, time 0.136719, run time 3 s
INFO (CarpetX): OutputGH done.
INFO (CarpetX): Simulation time: 0.136719   Iterations per second: 17.3545   Simulation time per second: 0.0677909
INFO (CarpetX): Grid cells: 4096   Grid cell updates per second: 71083.9
INFO (CarpetX): Performance:
INFO (CarpetX):   total evolution time:            2.01868 sec
INFO (CarpetX):   total evolution compute time:    2.01795 sec
INFO (CarpetX):   total evolution output time:     0.000733376 sec
INFO (CarpetX):   total iterations:                35
INFO (CarpetX):   total cells updated:             143360
INFO (CarpetX):   average iterations per second: 17.3381
INFO (CarpetX):   average cell updates per second: 71016.7
INFO (CarpetX): OutputGH: iteration 36, time 0.140625, run time 3 s
INFO (CarpetX): OutputGH done.
INFO (CarpetX): Simulation time: 0.140625   Iterations per second: 17.355   Simulation time per second: 0.0677928
INFO (CarpetX): Grid cells: 4096   Grid cell updates per second: 71085.9
INFO (CarpetX): Performance:
INFO (CarpetX):   total evolution time:            2.07629 sec
INFO (CarpetX):   total evolution compute time:    2.07553 sec
INFO (CarpetX):   total evolution output time:     0.000754356 sec
INFO (CarpetX):   total iterations:                36
INFO (CarpetX):   total cells updated:             147456
INFO (CarpetX):   average iterations per second: 17.3386
INFO (CarpetX):   average cell updates per second: 71019.1
INFO (CarpetX): OutputGH: iteration 37, time 0.144531, run time 3 s
INFO (CarpetX): OutputGH done.
INFO (CarpetX): Simulation time: 0.144531   Iterations per second: 17.3554   Simulation time per second: 0.0677944
INFO (CarpetX): Grid cells: 4096   Grid cell updates per second: 71087.6
INFO (CarpetX): Performance:
INFO (CarpetX):   total evolution time:            2.13389 sec
INFO (CarpetX):   total evolution compute time:    2.13312 sec
INFO (CarpetX):   total evolution output time:     0.000774384 sec
INFO (CarpetX):   total iterations:                37
INFO (CarpetX):   total cells updated:             151552
INFO (CarpetX):   average iterations per second: 17.3392
INFO (CarpetX):   average cell updates per second: 71021.4
INFO (CarpetX): OutputGH: iteration 38, time 0.148438, run time 3 s
INFO (CarpetX): OutputGH done.
INFO (CarpetX): Simulation time: 0.148438   Iterations per second: 17.3238   Simulation time per second: 0.0676712
INFO (CarpetX): Grid cells: 4096   Grid cell updates per second: 70958.4
INFO (CarpetX): Performance:
INFO (CarpetX):   total evolution time:            2.19256 sec
INFO (CarpetX):   total evolution compute time:    2.19177 sec
INFO (CarpetX):   total evolution output time:     0.000795364 sec
INFO (CarpetX):   total iterations:                38
INFO (CarpetX):   total cells updated:             155648
INFO (CarpetX):   average iterations per second: 17.3313
INFO (CarpetX):   average cell updates per second: 70989.1
INFO (CarpetX): OutputGH: iteration 39, time 0.152344, run time 3 s
INFO (CarpetX): OutputGH done.
INFO (CarpetX): Simulation time: 0.152344   Iterations per second: 17.29   Simulation time per second: 0.0675391
INFO (CarpetX): Grid cells: 4096   Grid cell updates per second: 70819.9
INFO (CarpetX): Performance:
INFO (CarpetX):   total evolution time:            2.25141 sec
INFO (CarpetX):   total evolution compute time:    2.25058 sec
INFO (CarpetX):   total evolution output time:     0.000831366 sec
INFO (CarpetX):   total iterations:                39
INFO (CarpetX):   total cells updated:             159744
INFO (CarpetX):   average iterations per second: 17.3224
INFO (CarpetX):   average cell updates per second: 70952.7
INFO (CarpetX): OutputGH: iteration 40, time 0.156250, run time 3 s
INFO (CarpetX): OutputGH done.
INFO (CarpetX): Simulation time: 0.15625   Iterations per second: 17.2891   Simulation time per second: 0.0675355
INFO (CarpetX): Grid cells: 4096   Grid cell updates per second: 70816.1
INFO (CarpetX): Performance:
INFO (CarpetX):   total evolution time:            2.30928 sec
INFO (CarpetX):   total evolution compute time:    2.30843 sec
INFO (CarpetX):   total evolution output time:     0.000855446 sec
INFO (CarpetX):   total iterations:                40
INFO (CarpetX):   total cells updated:             163840
INFO (CarpetX):   average iterations per second: 17.3214
INFO (CarpetX):   average cell updates per second: 70948.4
INFO (CarpetX): OutputGH: iteration 41, time 0.160156, run time 3 s
INFO (CarpetX): OutputGH done.
INFO (CarpetX): Simulation time: 0.160156   Iterations per second: 17.2881   Simulation time per second: 0.0675316
INFO (CarpetX): Grid cells: 4096   Grid cell updates per second: 70812
INFO (CarpetX): Performance:
INFO (CarpetX):   total evolution time:            2.36716 sec
INFO (CarpetX):   total evolution compute time:    2.36628 sec
INFO (CarpetX):   total evolution output time:     0.000878572 sec
INFO (CarpetX):   total iterations:                41
INFO (CarpetX):   total cells updated:             167936
INFO (CarpetX):   average iterations per second: 17.3204
INFO (CarpetX):   average cell updates per second: 70944.2
INFO (CarpetX): OutputGH: iteration 42, time 0.164062, run time 3 s
INFO (CarpetX): OutputGH done.
INFO (CarpetX): Simulation time: 0.164062   Iterations per second: 17.2898   Simulation time per second: 0.0675383
INFO (CarpetX): Grid cells: 4096   Grid cell updates per second: 70819
INFO (CarpetX): Performance:
INFO (CarpetX):   total evolution time:            2.42494 sec
INFO (CarpetX):   total evolution compute time:    2.42402 sec
INFO (CarpetX):   total evolution output time:     0.000917673 sec
INFO (CarpetX):   total iterations:                42
INFO (CarpetX):   total cells updated:             172032
INFO (CarpetX):   average iterations per second: 17.32
INFO (CarpetX):   average cell updates per second: 70942.7
INFO (CarpetX): OutputGH: iteration 43, time 0.167969, run time 3 s
INFO (CarpetX): OutputGH done.
INFO (CarpetX): Simulation time: 0.167969   Iterations per second: 17.2989   Simulation time per second: 0.0675737
INFO (CarpetX): Grid cells: 4096   Grid cell updates per second: 70856.2
INFO (CarpetX): Performance:
INFO (CarpetX):   total evolution time:            2.48248 sec
INFO (CarpetX):   total evolution compute time:    2.48154 sec
INFO (CarpetX):   total evolution output time:     0.0009377 sec
INFO (CarpetX):   total iterations:                43
INFO (CarpetX):   total cells updated:             176128
INFO (CarpetX):   average iterations per second: 17.3214
INFO (CarpetX):   average cell updates per second: 70948.5
INFO (CarpetX): OutputGH: iteration 44, time 0.171875, run time 3 s
INFO (CarpetX): OutputGH done.
INFO (CarpetX): Simulation time: 0.171875   Iterations per second: 17.3065   Simulation time per second: 0.0676035
INFO (CarpetX): Grid cells: 4096   Grid cell updates per second: 70887.4
INFO (CarpetX): Performance:
INFO (CarpetX):   total evolution time:            2.54003 sec
INFO (CarpetX):   total evolution compute time:    2.53907 sec
INFO (CarpetX):   total evolution output time:     0.000963688 sec
INFO (CarpetX):   total iterations:                44
INFO (CarpetX):   total cells updated:             180224
INFO (CarpetX):   average iterations per second: 17.3226
INFO (CarpetX):   average cell updates per second: 70953.5
INFO (CarpetX): OutputGH: iteration 45, time 0.175781, run time 3 s
INFO (CarpetX): OutputGH done.
INFO (CarpetX): Simulation time: 0.175781   Iterations per second: 17.2967   Simulation time per second: 0.0675654
INFO (CarpetX): Grid cells: 4096   Grid cell updates per second: 70847.5
INFO (CarpetX): Performance:
INFO (CarpetX):   total evolution time:            2.59814 sec
INFO (CarpetX):   total evolution compute time:    2.59715 sec
INFO (CarpetX):   total evolution output time:     0.000984669 sec
INFO (CarpetX):   total iterations:                45
INFO (CarpetX):   total cells updated:             184320
INFO (CarpetX):   average iterations per second: 17.3201
INFO (CarpetX):   average cell updates per second: 70943.2
INFO (CarpetX): OutputGH: iteration 46, time 0.179688, run time 3 s
INFO (CarpetX): OutputGH done.
INFO (CarpetX): Simulation time: 0.179688   Iterations per second: 17.3046   Simulation time per second: 0.0675961
INFO (CarpetX): Grid cells: 4096   Grid cell updates per second: 70879.6
INFO (CarpetX): Performance:
INFO (CarpetX):   total evolution time:            2.65569 sec
INFO (CarpetX):   total evolution compute time:    2.65468 sec
INFO (CarpetX):   total evolution output time:     0.0010047 sec
INFO (CarpetX):   total iterations:                46
INFO (CarpetX):   total cells updated:             188416
INFO (CarpetX):   average iterations per second: 17.3213
INFO (CarpetX):   average cell updates per second: 70948.1
INFO (CarpetX): OutputGH: iteration 47, time 0.183594, run time 3 s
INFO (CarpetX): OutputGH done.
INFO (CarpetX): Simulation time: 0.183594   Iterations per second: 17.3126   Simulation time per second: 0.0676274
INFO (CarpetX): Grid cells: 4096   Grid cell updates per second: 70912.5
INFO (CarpetX): Performance:
INFO (CarpetX):   total evolution time:            2.71321 sec
INFO (CarpetX):   total evolution compute time:    2.71218 sec
INFO (CarpetX):   total evolution output time:     0.00102472 sec
INFO (CarpetX):   total iterations:                47
INFO (CarpetX):   total cells updated:             192512
INFO (CarpetX):   average iterations per second: 17.3227
INFO (CarpetX):   average cell updates per second: 70953.6
INFO (CarpetX): OutputGH: iteration 48, time 0.187500, run time 3 s
INFO (CarpetX): OutputGH done.
INFO (CarpetX): Simulation time: 0.1875   Iterations per second: 17.3196   Simulation time per second: 0.0676549
INFO (CarpetX): Grid cells: 4096   Grid cell updates per second: 70941.3
INFO (CarpetX): Performance:
INFO (CarpetX):   total evolution time:            2.77074 sec
INFO (CarpetX):   total evolution compute time:    2.76969 sec
INFO (CarpetX):   total evolution output time:     0.0010438 sec
INFO (CarpetX):   total iterations:                48
INFO (CarpetX):   total cells updated:             196608
INFO (CarpetX):   average iterations per second: 17.3239
INFO (CarpetX):   average cell updates per second: 70958.8
INFO (CarpetX): OutputGH: iteration 49, time 0.191406, run time 3 s
INFO (CarpetX): OutputGH done.
INFO (CarpetX): Simulation time: 0.191406   Iterations per second: 17.3215   Simulation time per second: 0.0676622
INFO (CarpetX): Grid cells: 4096   Grid cell updates per second: 70949
INFO (CarpetX): Performance:
INFO (CarpetX):   total evolution time:            2.82841 sec
INFO (CarpetX):   total evolution compute time:    2.82734 sec
INFO (CarpetX):   total evolution output time:     0.00106788 sec
INFO (CarpetX):   total iterations:                49
INFO (CarpetX):   total cells updated:             200704
INFO (CarpetX):   average iterations per second: 17.3242
INFO (CarpetX):   average cell updates per second: 70960
INFO (CarpetX): OutputGH: iteration 50, time 0.195312, run time 4 s
INFO (CarpetX): OutputGH done.
INFO (CarpetX): Simulation time: 0.195312   Iterations per second: 17.327   Simulation time per second: 0.0676836
INFO (CarpetX): Grid cells: 4096   Grid cell updates per second: 70971.4
INFO (CarpetX): Performance:
INFO (CarpetX):   total evolution time:            2.88596 sec
INFO (CarpetX):   total evolution compute time:    2.88487 sec
INFO (CarpetX):   total evolution output time:     0.0010879 sec
INFO (CarpetX):   total iterations:                50
INFO (CarpetX):   total cells updated:             204800
INFO (CarpetX):   average iterations per second: 17.3253
INFO (CarpetX):   average cell updates per second: 70964.3
INFO (CarpetX): OutputGH: iteration 51, time 0.199219, run time 4 s
INFO (CarpetX): OutputGH done.
INFO (CarpetX): Simulation time: 0.199219   Iterations per second: 17.3313   Simulation time per second: 0.0677003
INFO (CarpetX): Grid cells: 4096   Grid cell updates per second: 70989
INFO (CarpetX): Performance:
INFO (CarpetX):   total evolution time:            2.94353 sec
INFO (CarpetX):   total evolution compute time:    2.94242 sec
INFO (CarpetX):   total evolution output time:     0.00110698 sec
INFO (CarpetX):   total iterations:                51
INFO (CarpetX):   total cells updated:             208896
INFO (CarpetX):   average iterations per second: 17.3261
INFO (CarpetX):   average cell updates per second: 70967.8
INFO (CarpetX): OutputGH: iteration 52, time 0.203125, run time 4 s
INFO (CarpetX): OutputGH done.
INFO (CarpetX): Simulation time: 0.203125   Iterations per second: 17.3344   Simulation time per second: 0.0677126
INFO (CarpetX): Grid cells: 4096   Grid cell updates per second: 71001.8
INFO (CarpetX): Performance:
INFO (CarpetX):   total evolution time:            3.00113 sec
INFO (CarpetX):   total evolution compute time:    3 sec
INFO (CarpetX):   total evolution output time:     0.00112915 sec
INFO (CarpetX):   total iterations:                52
INFO (CarpetX):   total cells updated:             212992
INFO (CarpetX):   average iterations per second: 17.3268
INFO (CarpetX):   average cell updates per second: 70970.7
INFO (CarpetX): OutputGH: iteration 53, time 0.207031, run time 4 s
INFO (CarpetX): OutputGH done.
INFO (CarpetX): Simulation time: 0.207031   Iterations per second: 17.3355   Simulation time per second: 0.0677168
INFO (CarpetX): Grid cells: 4096   Grid cell updates per second: 71006.2
INFO (CarpetX): Performance:
INFO (CarpetX):   total evolution time:            3.05878 sec
INFO (CarpetX):   total evolution compute time:    3.05763 sec
INFO (CarpetX):   total evolution output time:     0.00114918 sec
INFO (CarpetX):   total iterations:                53
INFO (CarpetX):   total cells updated:             217088
INFO (CarpetX):   average iterations per second: 17.3272
INFO (CarpetX):   average cell updates per second: 70972.1
INFO (CarpetX): OutputGH: iteration 54, time 0.210938, run time 4 s
INFO (CarpetX): OutputGH done.
INFO (CarpetX): Simulation time: 0.210938   Iterations per second: 17.3395   Simulation time per second: 0.0677325
INFO (CarpetX): Grid cells: 4096   Grid cell updates per second: 71022.7
INFO (CarpetX): Performance:
INFO (CarpetX):   total evolution time:            3.11633 sec
INFO (CarpetX):   total evolution compute time:    3.11516 sec
INFO (CarpetX):   total evolution output time:     0.00117135 sec
INFO (CarpetX):   total iterations:                54
INFO (CarpetX):   total cells updated:             221184
INFO (CarpetX):   average iterations per second: 17.3281
INFO (CarpetX):   average cell updates per second: 70975.8
INFO (CarpetX): OutputGH: iteration 55, time 0.214844, run time 4 s
INFO (CarpetX): OutputGH done.
INFO (CarpetX): Simulation time: 0.214844   Iterations per second: 17.3412   Simulation time per second: 0.0677392
INFO (CarpetX): Grid cells: 4096   Grid cell updates per second: 71029.7
INFO (CarpetX): Performance:
INFO (CarpetX):   total evolution time:            3.17394 sec
INFO (CarpetX):   total evolution compute time:    3.17275 sec
INFO (CarpetX):   total evolution output time:     0.00119424 sec
INFO (CarpetX):   total iterations:                55
INFO (CarpetX):   total cells updated:             225280
INFO (CarpetX):   average iterations per second: 17.3286
INFO (CarpetX):   average cell updates per second: 70977.9
INFO (CarpetX): OutputGH: iteration 56, time 0.218750, run time 4 s
INFO (CarpetX): OutputGH done.
INFO (CarpetX): Simulation time: 0.21875   Iterations per second: 17.3429   Simulation time per second: 0.0677456
INFO (CarpetX): Grid cells: 4096   Grid cell updates per second: 71036.5
INFO (CarpetX): Performance:
INFO (CarpetX):   total evolution time:            3.23156 sec
INFO (CarpetX):   total evolution compute time:    3.23034 sec
INFO (CarpetX):   total evolution output time:     0.00121522 sec
INFO (CarpetX):   total iterations:                56
INFO (CarpetX):   total cells updated:             229376
INFO (CarpetX):   average iterations per second: 17.3291
INFO (CarpetX):   average cell updates per second: 70980.1
INFO (CarpetX): OutputGH: iteration 57, time 0.222656, run time 4 s
INFO (CarpetX): OutputGH done.
INFO (CarpetX): Simulation time: 0.222656   Iterations per second: 17.3435   Simulation time per second: 0.0677482
INFO (CarpetX): Grid cells: 4096   Grid cell updates per second: 71039.1
INFO (CarpetX): Performance:
INFO (CarpetX):   total evolution time:            3.28919 sec
INFO (CarpetX):   total evolution compute time:    3.28796 sec
INFO (CarpetX):   total evolution output time:     0.0012393 sec
INFO (CarpetX):   total iterations:                57
INFO (CarpetX):   total cells updated:             233472
INFO (CarpetX):   average iterations per second: 17.3295
INFO (CarpetX):   average cell updates per second: 70981.5
INFO (CarpetX): OutputGH: iteration 58, time 0.226562, run time 4 s
INFO (CarpetX): OutputGH done.
INFO (CarpetX): Simulation time: 0.226562   Iterations per second: 17.3456   Simulation time per second: 0.0677562
INFO (CarpetX): Grid cells: 4096   Grid cell updates per second: 71047.5
INFO (CarpetX): Performance:
INFO (CarpetX):   total evolution time:            3.34678 sec
INFO (CarpetX):   total evolution compute time:    3.34553 sec
INFO (CarpetX):   total evolution output time:     0.00125933 sec
INFO (CarpetX):   total iterations:                58
INFO (CarpetX):   total cells updated:             237568
INFO (CarpetX):   average iterations per second: 17.3301
INFO (CarpetX):   average cell updates per second: 70984
INFO (CarpetX): OutputGH: iteration 59, time 0.230469, run time 4 s
INFO (CarpetX): OutputGH done.
INFO (CarpetX): Simulation time: 0.230469   Iterations per second: 17.347   Simulation time per second: 0.0677618
INFO (CarpetX): Grid cells: 4096   Grid cell updates per second: 71053.4
INFO (CarpetX): Performance:
INFO (CarpetX):   total evolution time:            3.40439 sec
INFO (CarpetX):   total evolution compute time:    3.40311 sec
INFO (CarpetX):   total evolution output time:     0.00127935 sec
INFO (CarpetX):   total iterations:                59
INFO (CarpetX):   total cells updated:             241664
INFO (CarpetX):   average iterations per second: 17.3306
INFO (CarpetX):   average cell updates per second: 70986
INFO (CarpetX): OutputGH: iteration 60, time 0.234375, run time 4 s
INFO (CarpetX): OutputGH done.
INFO (CarpetX): Simulation time: 0.234375   Iterations per second: 17.3474   Simulation time per second: 0.0677633
INFO (CarpetX): Grid cells: 4096   Grid cell updates per second: 71055
INFO (CarpetX): Performance:
INFO (CarpetX):   total evolution time:            3.46202 sec
INFO (CarpetX):   total evolution compute time:    3.46072 sec
INFO (CarpetX):   total evolution output time:     0.00130033 sec
INFO (CarpetX):   total iterations:                60
INFO (CarpetX):   total cells updated:             245760
INFO (CarpetX):   average iterations per second: 17.3309
INFO (CarpetX):   average cell updates per second: 70987.4
INFO (CarpetX): OutputGH: iteration 61, time 0.238281, run time 4 s
INFO (CarpetX): OutputGH done.
INFO (CarpetX): Simulation time: 0.238281   Iterations per second: 17.3471   Simulation time per second: 0.0677622
INFO (CarpetX): Grid cells: 4096   Grid cell updates per second: 71053.8
INFO (CarpetX): Performance:
INFO (CarpetX):   total evolution time:            3.51968 sec
INFO (CarpetX):   total evolution compute time:    3.51835 sec
INFO (CarpetX):   total evolution output time:     0.00132227 sec
INFO (CarpetX):   total iterations:                61
INFO (CarpetX):   total cells updated:             249856
INFO (CarpetX):   average iterations per second: 17.3311
INFO (CarpetX):   average cell updates per second: 70988.3
INFO (CarpetX): OutputGH: iteration 62, time 0.242188, run time 4 s
INFO (CarpetX): OutputGH done.
INFO (CarpetX): Simulation time: 0.242188   Iterations per second: 17.3411   Simulation time per second: 0.0677385
INFO (CarpetX): Grid cells: 4096   Grid cell updates per second: 71029
INFO (CarpetX): Performance:
INFO (CarpetX):   total evolution time:            3.57753 sec
INFO (CarpetX):   total evolution compute time:    3.57618 sec
INFO (CarpetX):   total evolution output time:     0.00134516 sec
INFO (CarpetX):   total iterations:                62
INFO (CarpetX):   total cells updated:             253952
INFO (CarpetX):   average iterations per second: 17.3304
INFO (CarpetX):   average cell updates per second: 70985.4
INFO (CarpetX): OutputGH: iteration 63, time 0.246094, run time 4 s
INFO (CarpetX): OutputGH done.
INFO (CarpetX): Simulation time: 0.246094   Iterations per second: 17.3423   Simulation time per second: 0.0677434
INFO (CarpetX): Grid cells: 4096   Grid cell updates per second: 71034.1
INFO (CarpetX): Performance:
INFO (CarpetX):   total evolution time:            3.63515 sec
INFO (CarpetX):   total evolution compute time:    3.63377 sec
INFO (CarpetX):   total evolution output time:     0.00137806 sec
INFO (CarpetX):   total iterations:                63
INFO (CarpetX):   total cells updated:             258048
INFO (CarpetX):   average iterations per second: 17.3308
INFO (CarpetX):   average cell updates per second: 70986.9
INFO (CarpetX): OutputGH: iteration 64, time 0.250000, run time 4 s
INFO (CarpetX): OutputGH done.
INFO (CarpetX): Simulation time: 0.25   Iterations per second: 16.6559   Simulation time per second: 0.065062
INFO (CarpetX): Grid cells: 4096   Grid cell updates per second: 68222.5
INFO (CarpetX): Performance:
INFO (CarpetX):   total evolution time:            3.71658 sec
INFO (CarpetX):   total evolution compute time:    3.69847 sec
INFO (CarpetX):   total evolution output time:     0.01811 sec
INFO (CarpetX):   total iterations:                64
INFO (CarpetX):   total cells updated:             262144
INFO (CarpetX):   average iterations per second: 17.2201
INFO (CarpetX):   average cell updates per second: 70533.7
INFO (CarpetX): Shutting down...
AMReX (25.11) finalized
--------------------------------------------------------------------------------
Done.

real	0m4.179s
user	0m6.983s
sys	0m0.130s
+ echo Stopping:
Stopping:
+ date
Thu Dec 25 03:20:19 AM UTC 2025
+ echo Done.
Done.
  Elapsed time: 4.2 s
